<?xml version="1.0" encoding="UTF-8"?>
<!-- Generated by org.testng.reporters.JUnitReportReporter -->
<testsuite skipped="0" hostname="a4731595" name="com.dice.FirstTest" tests="1" failures="0" timestamp="17 Oct 2018 12:57:59 GMT" time="17.052" errors="0">
  <testcase name="firstTestMethod" time="17.052" classname="com.dice.FirstTest"/>
</testsuite> <!-- com.dice.FirstTest -->
