<?xml version="1.0" encoding="UTF-8"?>
<!-- Generated by org.testng.reporters.JUnitReportReporter -->
<testsuite skipped="0" hostname="a4731595" name="com.dice.FirstTest" tests="1" failures="0" timestamp="16 Oct 2018 17:42:21 GMT" time="9.663" errors="0">
  <testcase name="firstTestMethod" time="9.663" classname="com.dice.FirstTest"/>
</testsuite> <!-- com.dice.FirstTest -->
