<?xml version="1.0" encoding="UTF-8"?>
<!-- Generated by org.testng.reporters.JUnitReportReporter -->
<testsuite skipped="0" hostname="a4731595" name="com.dice.FirstTest" tests="1" failures="0" timestamp="15 Oct 2018 20:09:13 GMT" time="19.453" errors="0">
  <testcase name="firsTestMethod" time="19.453" classname="com.dice.FirstTest"/>
</testsuite> <!-- com.dice.FirstTest -->
